{
  "/home/natan/workspace/comunityWork/src/components/LoadingScreen/index.tsx": {
    "path": "/home/natan/workspace/comunityWork/src/components/LoadingScreen/index.tsx",
    "statementMap": {
      "0": {
        "start": { "line": 14, "column": 52 },
        "end": { "line": 25, "column": 1 }
      },
      "1": {
        "start": { "line": 19, "column": 2 },
        "end": { "line": 24, "column": 4 }
      },
      "2": {
        "start": { "line": 27, "column": 15 },
        "end": { "line": 40, "column": 2 }
      }
    },
    "fnMap": {
      "0": {
        "name": "(anonymous_0)",
        "decl": {
          "start": { "line": 14, "column": 52 },
          "end": { "line": 14, "column": 53 }
        },
        "loc": {
          "start": { "line": 18, "column": 6 },
          "end": { "line": 25, "column": 1 }
        },
        "line": 18
      }
    },
    "branchMap": {
      "0": {
        "loc": {
          "start": { "line": 15, "column": 2 },
          "end": { "line": 15, "column": 27 }
        },
        "type": "default-arg",
        "locations": [
          {
            "start": { "line": 15, "column": 12 },
            "end": { "line": 15, "column": 27 }
          }
        ],
        "line": 15
      },
      "1": {
        "loc": {
          "start": { "line": 16, "column": 2 },
          "end": { "line": 16, "column": 16 }
        },
        "type": "default-arg",
        "locations": [
          {
            "start": { "line": 16, "column": 9 },
            "end": { "line": 16, "column": 16 }
          }
        ],
        "line": 16
      },
      "2": {
        "loc": {
          "start": { "line": 17, "column": 2 },
          "end": { "line": 17, "column": 19 }
        },
        "type": "default-arg",
        "locations": [
          {
            "start": { "line": 17, "column": 10 },
            "end": { "line": 17, "column": 19 }
          }
        ],
        "line": 17
      },
      "3": {
        "loc": {
          "start": { "line": 22, "column": 7 },
          "end": { "line": 22, "column": 63 }
        },
        "type": "binary-expr",
        "locations": [
          {
            "start": { "line": 22, "column": 7 },
            "end": { "line": 22, "column": 14 }
          },
          {
            "start": { "line": 22, "column": 18 },
            "end": { "line": 22, "column": 63 }
          }
        ],
        "line": 22
      }
    },
    "s": { "0": 0, "1": 0, "2": 0 },
    "f": { "0": 0 },
    "b": { "0": [0], "1": [0], "2": [0], "3": [0, 0] }
  },
  "/home/natan/workspace/comunityWork/src/components/LocationSelectorModal/index.tsx": {
    "path": "/home/natan/workspace/comunityWork/src/components/LocationSelectorModal/index.tsx",
    "statementMap": {
      "0": {
        "start": { "line": 32, "column": 30 },
        "end": { "line": 125, "column": 1 }
      },
      "1": {
        "start": { "line": 37, "column": 38 },
        "end": { "line": 37, "column": 50 }
      },
      "2": {
        "start": { "line": 38, "column": 30 },
        "end": { "line": 38, "column": 50 }
      },
      "3": {
        "start": { "line": 39, "column": 32 },
        "end": { "line": 39, "column": 47 }
      },
      "4": {
        "start": { "line": 42, "column": 2 },
        "end": { "line": 76, "column": 19 }
      },
      "5": {
        "start": { "line": 44, "column": 4 },
        "end": { "line": 47, "column": 5 }
      },
      "6": {
        "start": { "line": 45, "column": 6 },
        "end": { "line": 45, "column": 20 }
      },
      "7": {
        "start": { "line": 46, "column": 6 },
        "end": { "line": 46, "column": 13 }
      },
      "8": {
        "start": { "line": 49, "column": 4 },
        "end": { "line": 49, "column": 21 }
      },
      "9": {
        "start": { "line": 50, "column": 24 },
        "end": { "line": 68, "column": 5 }
      },
      "10": {
        "start": { "line": 51, "column": 6 },
        "end": { "line": 67, "column": 7 }
      },
      "11": {
        "start": { "line": 52, "column": 25 },
        "end": { "line": 54, "column": 9 }
      },
      "12": {
        "start": { "line": 55, "column": 34 },
        "end": { "line": 55, "column": 55 }
      },
      "13": {
        "start": { "line": 58, "column": 25 },
        "end": { "line": 60, "column": 9 }
      },
      "14": {
        "start": { "line": 59, "column": 10 },
        "end": { "line": 59, "column": 68 }
      },
      "15": {
        "start": { "line": 62, "column": 8 },
        "end": { "line": 62, "column": 28 }
      },
      "16": {
        "start": { "line": 64, "column": 8 },
        "end": { "line": 64, "column": 56 }
      },
      "17": {
        "start": { "line": 66, "column": 8 },
        "end": { "line": 66, "column": 26 }
      },
      "18": {
        "start": { "line": 71, "column": 20 },
        "end": { "line": 73, "column": 11 }
      },
      "19": {
        "start": { "line": 72, "column": 6 },
        "end": { "line": 72, "column": 20 }
      },
      "20": {
        "start": { "line": 75, "column": 4 },
        "end": { "line": 75, "column": 39 }
      },
      "21": {
        "start": { "line": 75, "column": 17 },
        "end": { "line": 75, "column": 38 }
      },
      "22": {
        "start": { "line": 78, "column": 23 },
        "end": { "line": 82, "column": 3 }
      },
      "23": {
        "start": { "line": 79, "column": 27 },
        "end": { "line": 79, "column": 84 }
      },
      "24": {
        "start": { "line": 80, "column": 4 },
        "end": { "line": 80, "column": 37 }
      },
      "25": {
        "start": { "line": 81, "column": 4 },
        "end": { "line": 81, "column": 14 }
      },
      "26": {
        "start": { "line": 84, "column": 2 },
        "end": { "line": 124, "column": 4 }
      },
      "27": {
        "start": { "line": 107, "column": 36 },
        "end": { "line": 107, "column": 54 }
      },
      "28": {
        "start": { "line": 109, "column": 16 },
        "end": { "line": 116, "column": 35 }
      },
      "29": {
        "start": { "line": 111, "column": 33 },
        "end": { "line": 111, "column": 51 }
      }
    },
    "fnMap": {
      "0": {
        "name": "(anonymous_0)",
        "decl": {
          "start": { "line": 32, "column": 30 },
          "end": { "line": 32, "column": 31 }
        },
        "loc": {
          "start": { "line": 36, "column": 13 },
          "end": { "line": 125, "column": 1 }
        },
        "line": 36
      },
      "1": {
        "name": "(anonymous_1)",
        "decl": {
          "start": { "line": 42, "column": 12 },
          "end": { "line": 42, "column": 13 }
        },
        "loc": {
          "start": { "line": 42, "column": 18 },
          "end": { "line": 76, "column": 3 }
        },
        "line": 42
      },
      "2": {
        "name": "(anonymous_2)",
        "decl": {
          "start": { "line": 50, "column": 24 },
          "end": { "line": 50, "column": 25 }
        },
        "loc": {
          "start": { "line": 50, "column": 36 },
          "end": { "line": 68, "column": 5 }
        },
        "line": 50
      },
      "3": {
        "name": "(anonymous_3)",
        "decl": {
          "start": { "line": 58, "column": 42 },
          "end": { "line": 58, "column": 43 }
        },
        "loc": {
          "start": { "line": 59, "column": 10 },
          "end": { "line": 59, "column": 68 }
        },
        "line": 59
      },
      "4": {
        "name": "(anonymous_4)",
        "decl": {
          "start": { "line": 71, "column": 31 },
          "end": { "line": 71, "column": 32 }
        },
        "loc": {
          "start": { "line": 71, "column": 37 },
          "end": { "line": 73, "column": 5 }
        },
        "line": 71
      },
      "5": {
        "name": "(anonymous_5)",
        "decl": {
          "start": { "line": 75, "column": 11 },
          "end": { "line": 75, "column": 12 }
        },
        "loc": {
          "start": { "line": 75, "column": 17 },
          "end": { "line": 75, "column": 38 }
        },
        "line": 75
      },
      "6": {
        "name": "(anonymous_6)",
        "decl": {
          "start": { "line": 78, "column": 23 },
          "end": { "line": 78, "column": 24 }
        },
        "loc": {
          "start": { "line": 78, "column": 39 },
          "end": { "line": 82, "column": 3 }
        },
        "line": 78
      },
      "7": {
        "name": "(anonymous_7)",
        "decl": {
          "start": { "line": 107, "column": 28 },
          "end": { "line": 107, "column": 29 }
        },
        "loc": {
          "start": { "line": 107, "column": 36 },
          "end": { "line": 107, "column": 54 }
        },
        "line": 107
      },
      "8": {
        "name": "(anonymous_8)",
        "decl": {
          "start": { "line": 108, "column": 26 },
          "end": { "line": 108, "column": 27 }
        },
        "loc": {
          "start": { "line": 109, "column": 16 },
          "end": { "line": 116, "column": 35 }
        },
        "line": 109
      },
      "9": {
        "name": "(anonymous_9)",
        "decl": {
          "start": { "line": 111, "column": 27 },
          "end": { "line": 111, "column": 28 }
        },
        "loc": {
          "start": { "line": 111, "column": 33 },
          "end": { "line": 111, "column": 51 }
        },
        "line": 111
      }
    },
    "branchMap": {
      "0": {
        "loc": {
          "start": { "line": 44, "column": 4 },
          "end": { "line": 47, "column": 5 }
        },
        "type": "if",
        "locations": [
          {
            "start": { "line": 44, "column": 4 },
            "end": { "line": 47, "column": 5 }
          },
          { "start": {}, "end": {} }
        ],
        "line": 44
      },
      "1": {
        "loc": {
          "start": { "line": 102, "column": 11 },
          "end": { "line": 120, "column": 11 }
        },
        "type": "cond-expr",
        "locations": [
          {
            "start": { "line": 103, "column": 12 },
            "end": { "line": 103, "column": 59 }
          },
          {
            "start": { "line": 105, "column": 12 },
            "end": { "line": 119, "column": 14 }
          }
        ],
        "line": 102
      }
    },
    "s": {
      "0": 0,
      "1": 0,
      "2": 0,
      "3": 0,
      "4": 0,
      "5": 0,
      "6": 0,
      "7": 0,
      "8": 0,
      "9": 0,
      "10": 0,
      "11": 0,
      "12": 0,
      "13": 0,
      "14": 0,
      "15": 0,
      "16": 0,
      "17": 0,
      "18": 0,
      "19": 0,
      "20": 0,
      "21": 0,
      "22": 0,
      "23": 0,
      "24": 0,
      "25": 0,
      "26": 0,
      "27": 0,
      "28": 0,
      "29": 0
    },
    "f": {
      "0": 0,
      "1": 0,
      "2": 0,
      "3": 0,
      "4": 0,
      "5": 0,
      "6": 0,
      "7": 0,
      "8": 0,
      "9": 0
    },
    "b": { "0": [0, 0], "1": [0, 0] }
  },
  "/home/natan/workspace/comunityWork/src/components/LocationSelectorModal/style.ts": {
    "path": "/home/natan/workspace/comunityWork/src/components/LocationSelectorModal/style.ts",
    "statementMap": {
      "0": {
        "start": { "line": 3, "column": 22 },
        "end": { "line": 39, "column": 2 }
      }
    },
    "fnMap": {},
    "branchMap": {},
    "s": { "0": 0 },
    "f": {},
    "b": {}
  },
  "/home/natan/workspace/comunityWork/src/components/PristineSearch/index.tsx": {
    "path": "/home/natan/workspace/comunityWork/src/components/PristineSearch/index.tsx",
    "statementMap": {
      "0": {
        "start": { "line": 25, "column": 40 },
        "end": { "line": 67, "column": 1 }
      },
      "1": {
        "start": { "line": 26, "column": 38 },
        "end": { "line": 26, "column": 62 }
      },
      "2": {
        "start": { "line": 27, "column": 32 },
        "end": { "line": 27, "column": 46 }
      },
      "3": {
        "start": { "line": 29, "column": 2 },
        "end": { "line": 44, "column": 9 }
      },
      "4": {
        "start": { "line": 30, "column": 28 },
        "end": { "line": 42, "column": 5 }
      },
      "5": {
        "start": { "line": 31, "column": 30 },
        "end": { "line": 34, "column": 17 }
      },
      "6": {
        "start": { "line": 36, "column": 6 },
        "end": { "line": 40, "column": 7 }
      },
      "7": {
        "start": { "line": 37, "column": 8 },
        "end": { "line": 37, "column": 72 }
      },
      "8": {
        "start": { "line": 39, "column": 8 },
        "end": { "line": 39, "column": 34 }
      },
      "9": {
        "start": { "line": 41, "column": 6 },
        "end": { "line": 41, "column": 24 }
      },
      "10": {
        "start": { "line": 43, "column": 4 },
        "end": { "line": 43, "column": 22 }
      },
      "11": {
        "start": { "line": 46, "column": 2 },
        "end": { "line": 48, "column": 3 }
      },
      "12": {
        "start": { "line": 47, "column": 4 },
        "end": { "line": 47, "column": 59 }
      },
      "13": {
        "start": { "line": 50, "column": 2 },
        "end": { "line": 66, "column": 4 }
      },
      "14": {
        "start": { "line": 55, "column": 10 },
        "end": { "line": 62, "column": 29 }
      },
      "15": {
        "start": { "line": 59, "column": 27 },
        "end": { "line": 59, "column": 70 }
      }
    },
    "fnMap": {
      "0": {
        "name": "(anonymous_0)",
        "decl": {
          "start": { "line": 25, "column": 40 },
          "end": { "line": 25, "column": 41 }
        },
        "loc": {
          "start": { "line": 25, "column": 65 },
          "end": { "line": 67, "column": 1 }
        },
        "line": 25
      },
      "1": {
        "name": "(anonymous_1)",
        "decl": {
          "start": { "line": 29, "column": 12 },
          "end": { "line": 29, "column": 13 }
        },
        "loc": {
          "start": { "line": 29, "column": 18 },
          "end": { "line": 44, "column": 3 }
        },
        "line": 29
      },
      "2": {
        "name": "(anonymous_2)",
        "decl": {
          "start": { "line": 30, "column": 28 },
          "end": { "line": 30, "column": 29 }
        },
        "loc": {
          "start": { "line": 30, "column": 40 },
          "end": { "line": 42, "column": 5 }
        },
        "line": 30
      },
      "3": {
        "name": "(anonymous_3)",
        "decl": {
          "start": { "line": 54, "column": 24 },
          "end": { "line": 54, "column": 25 }
        },
        "loc": {
          "start": { "line": 55, "column": 10 },
          "end": { "line": 62, "column": 29 }
        },
        "line": 55
      },
      "4": {
        "name": "(anonymous_4)",
        "decl": {
          "start": { "line": 59, "column": 21 },
          "end": { "line": 59, "column": 22 }
        },
        "loc": {
          "start": { "line": 59, "column": 27 },
          "end": { "line": 59, "column": 70 }
        },
        "line": 59
      }
    },
    "branchMap": {
      "0": {
        "loc": {
          "start": { "line": 36, "column": 6 },
          "end": { "line": 40, "column": 7 }
        },
        "type": "if",
        "locations": [
          {
            "start": { "line": 36, "column": 6 },
            "end": { "line": 40, "column": 7 }
          },
          {
            "start": { "line": 38, "column": 13 },
            "end": { "line": 40, "column": 7 }
          }
        ],
        "line": 36
      },
      "1": {
        "loc": {
          "start": { "line": 39, "column": 22 },
          "end": { "line": 39, "column": 32 }
        },
        "type": "binary-expr",
        "locations": [
          {
            "start": { "line": 39, "column": 22 },
            "end": { "line": 39, "column": 26 }
          },
          {
            "start": { "line": 39, "column": 30 },
            "end": { "line": 39, "column": 32 }
          }
        ],
        "line": 39
      },
      "2": {
        "loc": {
          "start": { "line": 46, "column": 2 },
          "end": { "line": 48, "column": 3 }
        },
        "type": "if",
        "locations": [
          {
            "start": { "line": 46, "column": 2 },
            "end": { "line": 48, "column": 3 }
          },
          { "start": {}, "end": {} }
        ],
        "line": 46
      }
    },
    "s": {
      "0": 0,
      "1": 0,
      "2": 0,
      "3": 0,
      "4": 0,
      "5": 0,
      "6": 0,
      "7": 0,
      "8": 0,
      "9": 0,
      "10": 0,
      "11": 0,
      "12": 0,
      "13": 0,
      "14": 0,
      "15": 0
    },
    "f": { "0": 0, "1": 0, "2": 0, "3": 0, "4": 0 },
    "b": { "0": [0, 0], "1": [0, 0], "2": [0, 0] }
  },
  "/home/natan/workspace/comunityWork/src/components/PristineSearch/style.ts": {
    "path": "/home/natan/workspace/comunityWork/src/components/PristineSearch/style.ts",
    "statementMap": {
      "0": {
        "start": { "line": 3, "column": 22 },
        "end": { "line": 32, "column": 2 }
      }
    },
    "fnMap": {},
    "branchMap": {},
    "s": { "0": 0 },
    "f": {},
    "b": {}
  },
  "/home/natan/workspace/comunityWork/src/components/ReviewModal/index.tsx": {
    "path": "/home/natan/workspace/comunityWork/src/components/ReviewModal/index.tsx",
    "statementMap": {
      "0": {
        "start": { "line": 19, "column": 20 },
        "end": { "line": 79, "column": 1 }
      },
      "1": {
        "start": { "line": 20, "column": 30 },
        "end": { "line": 20, "column": 41 }
      },
      "2": {
        "start": { "line": 21, "column": 32 },
        "end": { "line": 21, "column": 44 }
      },
      "3": {
        "start": { "line": 22, "column": 32 },
        "end": { "line": 22, "column": 47 }
      },
      "4": {
        "start": { "line": 24, "column": 23 },
        "end": { "line": 31, "column": 3 }
      },
      "5": {
        "start": { "line": 25, "column": 4 },
        "end": { "line": 25, "column": 21 }
      },
      "6": {
        "start": { "line": 26, "column": 4 },
        "end": { "line": 26, "column": 36 }
      },
      "7": {
        "start": { "line": 27, "column": 4 },
        "end": { "line": 27, "column": 22 }
      },
      "8": {
        "start": { "line": 28, "column": 4 },
        "end": { "line": 28, "column": 17 }
      },
      "9": {
        "start": { "line": 29, "column": 4 },
        "end": { "line": 29, "column": 19 }
      },
      "10": {
        "start": { "line": 30, "column": 4 },
        "end": { "line": 30, "column": 14 }
      },
      "11": {
        "start": { "line": 33, "column": 2 },
        "end": { "line": 78, "column": 4 }
      },
      "12": {
        "start": { "line": 46, "column": 14 },
        "end": { "line": 52, "column": 33 }
      },
      "13": {
        "start": { "line": 46, "column": 58 },
        "end": { "line": 46, "column": 73 }
      }
    },
    "fnMap": {
      "0": {
        "name": "(anonymous_0)",
        "decl": {
          "start": { "line": 19, "column": 20 },
          "end": { "line": 19, "column": 21 }
        },
        "loc": {
          "start": { "line": 19, "column": 63 },
          "end": { "line": 79, "column": 1 }
        },
        "line": 19
      },
      "1": {
        "name": "(anonymous_1)",
        "decl": {
          "start": { "line": 24, "column": 23 },
          "end": { "line": 24, "column": 24 }
        },
        "loc": {
          "start": { "line": 24, "column": 35 },
          "end": { "line": 31, "column": 3 }
        },
        "line": 24
      },
      "2": {
        "name": "(anonymous_2)",
        "decl": {
          "start": { "line": 45, "column": 33 },
          "end": { "line": 45, "column": 34 }
        },
        "loc": {
          "start": { "line": 46, "column": 14 },
          "end": { "line": 52, "column": 33 }
        },
        "line": 46
      },
      "3": {
        "name": "(anonymous_3)",
        "decl": {
          "start": { "line": 46, "column": 52 },
          "end": { "line": 46, "column": 53 }
        },
        "loc": {
          "start": { "line": 46, "column": 58 },
          "end": { "line": 46, "column": 73 }
        },
        "line": 46
      }
    },
    "branchMap": {
      "0": {
        "loc": {
          "start": { "line": 48, "column": 24 },
          "end": { "line": 48, "column": 64 }
        },
        "type": "cond-expr",
        "locations": [
          {
            "start": { "line": 48, "column": 41 },
            "end": { "line": 48, "column": 47 }
          },
          {
            "start": { "line": 48, "column": 50 },
            "end": { "line": 48, "column": 64 }
          }
        ],
        "line": 48
      },
      "1": {
        "loc": {
          "start": { "line": 69, "column": 13 },
          "end": { "line": 73, "column": 13 }
        },
        "type": "cond-expr",
        "locations": [
          {
            "start": { "line": 70, "column": 14 },
            "end": { "line": 70, "column": 48 }
          },
          {
            "start": { "line": 72, "column": 14 },
            "end": { "line": 72, "column": 69 }
          }
        ],
        "line": 69
      }
    },
    "s": {
      "0": 0,
      "1": 0,
      "2": 0,
      "3": 0,
      "4": 0,
      "5": 0,
      "6": 0,
      "7": 0,
      "8": 0,
      "9": 0,
      "10": 0,
      "11": 0,
      "12": 0,
      "13": 0
    },
    "f": { "0": 0, "1": 0, "2": 0, "3": 0 },
    "b": { "0": [0, 0], "1": [0, 0] }
  },
  "/home/natan/workspace/comunityWork/src/components/ReviewModal/style.ts": {
    "path": "/home/natan/workspace/comunityWork/src/components/ReviewModal/style.ts",
    "statementMap": {
      "0": {
        "start": { "line": 3, "column": 22 },
        "end": { "line": 47, "column": 2 }
      }
    },
    "fnMap": {},
    "branchMap": {},
    "s": { "0": 0 },
    "f": {},
    "b": {}
  },
  "/home/natan/workspace/comunityWork/src/components/ServiceCard/index.tsx": {
    "path": "/home/natan/workspace/comunityWork/src/components/ServiceCard/index.tsx",
    "statementMap": {
      "0": {
        "start": { "line": 39, "column": 37 },
        "end": { "line": 100, "column": 1 }
      },
      "1": {
        "start": { "line": 40, "column": 21 },
        "end": { "line": 40, "column": 52 }
      },
      "2": {
        "start": { "line": 47, "column": 22 },
        "end": { "line": 63, "column": 3 }
      },
      "3": {
        "start": { "line": 48, "column": 23 },
        "end": { "line": 48, "column": 24 }
      },
      "4": {
        "start": { "line": 49, "column": 23 },
        "end": { "line": 49, "column": 62 }
      },
      "5": {
        "start": { "line": 50, "column": 25 },
        "end": { "line": 50, "column": 27 }
      },
      "6": {
        "start": { "line": 51, "column": 4 },
        "end": { "line": 61, "column": 5 }
      },
      "7": {
        "start": { "line": 51, "column": 17 },
        "end": { "line": 51, "column": 18 }
      },
      "8": {
        "start": { "line": 52, "column": 53 },
        "end": { "line": 52, "column": 67 }
      },
      "9": {
        "start": { "line": 53, "column": 6 },
        "end": { "line": 57, "column": 7 }
      },
      "10": {
        "start": { "line": 54, "column": 8 },
        "end": { "line": 54, "column": 26 }
      },
      "11": {
        "start": { "line": 55, "column": 13 },
        "end": { "line": 57, "column": 7 }
      },
      "12": {
        "start": { "line": 56, "column": 8 },
        "end": { "line": 56, "column": 37 }
      },
      "13": {
        "start": { "line": 58, "column": 6 },
        "end": { "line": 60, "column": 8 }
      },
      "14": {
        "start": { "line": 62, "column": 4 },
        "end": { "line": 62, "column": 24 }
      },
      "15": {
        "start": { "line": 65, "column": 2 },
        "end": { "line": 99, "column": 4 }
      },
      "16": {
        "start": { "line": 71, "column": 8 },
        "end": { "line": 71, "column": 71 }
      }
    },
    "fnMap": {
      "0": {
        "name": "(anonymous_0)",
        "decl": {
          "start": { "line": 39, "column": 37 },
          "end": { "line": 39, "column": 38 }
        },
        "loc": {
          "start": { "line": 39, "column": 54 },
          "end": { "line": 100, "column": 1 }
        },
        "line": 39
      },
      "1": {
        "name": "(anonymous_1)",
        "decl": {
          "start": { "line": 47, "column": 22 },
          "end": { "line": 47, "column": 23 }
        },
        "loc": {
          "start": { "line": 47, "column": 49 },
          "end": { "line": 63, "column": 3 }
        },
        "line": 47
      },
      "2": {
        "name": "(anonymous_2)",
        "decl": {
          "start": { "line": 70, "column": 15 },
          "end": { "line": 70, "column": 16 }
        },
        "loc": {
          "start": { "line": 71, "column": 8 },
          "end": { "line": 71, "column": 71 }
        },
        "line": 71
      }
    },
    "branchMap": {
      "0": {
        "loc": {
          "start": { "line": 49, "column": 23 },
          "end": { "line": 49, "column": 62 }
        },
        "type": "cond-expr",
        "locations": [
          {
            "start": { "line": 49, "column": 32 },
            "end": { "line": 49, "column": 58 }
          },
          {
            "start": { "line": 49, "column": 61 },
            "end": { "line": 49, "column": 62 }
          }
        ],
        "line": 49
      },
      "1": {
        "loc": {
          "start": { "line": 53, "column": 6 },
          "end": { "line": 57, "column": 7 }
        },
        "type": "if",
        "locations": [
          {
            "start": { "line": 53, "column": 6 },
            "end": { "line": 57, "column": 7 }
          },
          {
            "start": { "line": 55, "column": 13 },
            "end": { "line": 57, "column": 7 }
          }
        ],
        "line": 53
      },
      "2": {
        "loc": {
          "start": { "line": 55, "column": 13 },
          "end": { "line": 57, "column": 7 }
        },
        "type": "if",
        "locations": [
          {
            "start": { "line": 55, "column": 13 },
            "end": { "line": 57, "column": 7 }
          },
          { "start": {}, "end": {} }
        ],
        "line": 55
      },
      "3": {
        "loc": {
          "start": { "line": 76, "column": 15 },
          "end": { "line": 76, "column": 75 }
        },
        "type": "binary-expr",
        "locations": [
          {
            "start": { "line": 76, "column": 15 },
            "end": { "line": 76, "column": 38 }
          },
          {
            "start": { "line": 76, "column": 42 },
            "end": { "line": 76, "column": 75 }
          }
        ],
        "line": 76
      },
      "4": {
        "loc": {
          "start": { "line": 85, "column": 15 },
          "end": { "line": 85, "column": 47 }
        },
        "type": "binary-expr",
        "locations": [
          {
            "start": { "line": 85, "column": 15 },
            "end": { "line": 85, "column": 32 }
          },
          {
            "start": { "line": 85, "column": 36 },
            "end": { "line": 85, "column": 47 }
          }
        ],
        "line": 85
      },
      "5": {
        "loc": {
          "start": { "line": 90, "column": 13 },
          "end": { "line": 90, "column": 72 }
        },
        "type": "cond-expr",
        "locations": [
          {
            "start": { "line": 90, "column": 34 },
            "end": { "line": 90, "column": 63 }
          },
          {
            "start": { "line": 90, "column": 66 },
            "end": { "line": 90, "column": 72 }
          }
        ],
        "line": 90
      },
      "6": {
        "loc": {
          "start": { "line": 91, "column": 13 },
          "end": { "line": 91, "column": 38 }
        },
        "type": "binary-expr",
        "locations": [
          {
            "start": { "line": 91, "column": 13 },
            "end": { "line": 91, "column": 33 }
          },
          {
            "start": { "line": 91, "column": 37 },
            "end": { "line": 91, "column": 38 }
          }
        ],
        "line": 91
      },
      "7": {
        "loc": {
          "start": { "line": 94, "column": 9 },
          "end": { "line": 96, "column": 9 }
        },
        "type": "binary-expr",
        "locations": [
          {
            "start": { "line": 94, "column": 9 },
            "end": { "line": 94, "column": 30 }
          },
          {
            "start": { "line": 95, "column": 10 },
            "end": { "line": 95, "column": 73 }
          }
        ],
        "line": 94
      }
    },
    "s": {
      "0": 0,
      "1": 0,
      "2": 0,
      "3": 0,
      "4": 0,
      "5": 0,
      "6": 0,
      "7": 0,
      "8": 0,
      "9": 0,
      "10": 0,
      "11": 0,
      "12": 0,
      "13": 0,
      "14": 0,
      "15": 0,
      "16": 0
    },
    "f": { "0": 0, "1": 0, "2": 0 },
    "b": {
      "0": [0, 0],
      "1": [0, 0],
      "2": [0, 0],
      "3": [0, 0],
      "4": [0, 0],
      "5": [0, 0],
      "6": [0, 0],
      "7": [0, 0]
    }
  },
  "/home/natan/workspace/comunityWork/src/components/ServiceCard/style.ts": {
    "path": "/home/natan/workspace/comunityWork/src/components/ServiceCard/style.ts",
    "statementMap": {
      "0": {
        "start": { "line": 3, "column": 22 },
        "end": { "line": 50, "column": 2 }
      }
    },
    "fnMap": {},
    "branchMap": {},
    "s": { "0": 0 },
    "f": {},
    "b": {}
  },
  "/home/natan/workspace/comunityWork/src/components/Toast/index.tsx": {
    "path": "/home/natan/workspace/comunityWork/src/components/Toast/index.tsx",
    "statementMap": {
      "0": {
        "start": { "line": 19, "column": 36 },
        "end": { "line": 109, "column": 1 }
      },
      "1": {
        "start": { "line": 26, "column": 18 },
        "end": { "line": 26, "column": 55 }
      },
      "2": {
        "start": { "line": 27, "column": 21 },
        "end": { "line": 27, "column": 61 }
      },
      "3": {
        "start": { "line": 29, "column": 2 },
        "end": { "line": 64, "column": 34 }
      },
      "4": {
        "start": { "line": 30, "column": 4 },
        "end": { "line": 63, "column": 5 }
      },
      "5": {
        "start": { "line": 32, "column": 6 },
        "end": { "line": 44, "column": 17 }
      },
      "6": {
        "start": { "line": 47, "column": 20 },
        "end": { "line": 60, "column": 18 }
      },
      "7": {
        "start": { "line": 48, "column": 8 },
        "end": { "line": 59, "column": 33 }
      },
      "8": {
        "start": { "line": 59, "column": 23 },
        "end": { "line": 59, "column": 31 }
      },
      "9": {
        "start": { "line": 62, "column": 6 },
        "end": { "line": 62, "column": 39 }
      },
      "10": {
        "start": { "line": 62, "column": 19 },
        "end": { "line": 62, "column": 38 }
      },
      "11": {
        "start": { "line": 66, "column": 2 },
        "end": { "line": 66, "column": 28 }
      },
      "12": {
        "start": { "line": 66, "column": 16 },
        "end": { "line": 66, "column": 28 }
      },
      "13": {
        "start": { "line": 68, "column": 24 },
        "end": { "line": 79, "column": 3 }
      },
      "14": {
        "start": { "line": 69, "column": 4 },
        "end": { "line": 78, "column": 5 }
      },
      "15": {
        "start": { "line": 71, "column": 8 },
        "end": { "line": 71, "column": 70 }
      },
      "16": {
        "start": { "line": 73, "column": 8 },
        "end": { "line": 73, "column": 70 }
      },
      "17": {
        "start": { "line": 75, "column": 8 },
        "end": { "line": 75, "column": 70 }
      },
      "18": {
        "start": { "line": 77, "column": 8 },
        "end": { "line": 77, "column": 70 }
      },
      "19": {
        "start": { "line": 81, "column": 18 },
        "end": { "line": 92, "column": 3 }
      },
      "20": {
        "start": { "line": 82, "column": 4 },
        "end": { "line": 91, "column": 5 }
      },
      "21": {
        "start": { "line": 84, "column": 8 },
        "end": { "line": 84, "column": 34 }
      },
      "22": {
        "start": { "line": 86, "column": 8 },
        "end": { "line": 86, "column": 30 }
      },
      "23": {
        "start": { "line": 88, "column": 8 },
        "end": { "line": 88, "column": 25 }
      },
      "24": {
        "start": { "line": 90, "column": 8 },
        "end": { "line": 90, "column": 36 }
      },
      "25": {
        "start": { "line": 94, "column": 2 },
        "end": { "line": 108, "column": 4 }
      },
      "26": {
        "start": { "line": 111, "column": 15 },
        "end": { "line": 138, "column": 2 }
      }
    },
    "fnMap": {
      "0": {
        "name": "(anonymous_0)",
        "decl": {
          "start": { "line": 19, "column": 36 },
          "end": { "line": 19, "column": 37 }
        },
        "loc": {
          "start": { "line": 25, "column": 6 },
          "end": { "line": 109, "column": 1 }
        },
        "line": 25
      },
      "1": {
        "name": "(anonymous_1)",
        "decl": {
          "start": { "line": 29, "column": 12 },
          "end": { "line": 29, "column": 13 }
        },
        "loc": {
          "start": { "line": 29, "column": 18 },
          "end": { "line": 64, "column": 3 }
        },
        "line": 29
      },
      "2": {
        "name": "(anonymous_2)",
        "decl": {
          "start": { "line": 47, "column": 31 },
          "end": { "line": 47, "column": 32 }
        },
        "loc": {
          "start": { "line": 47, "column": 37 },
          "end": { "line": 60, "column": 7 }
        },
        "line": 47
      },
      "3": {
        "name": "(anonymous_3)",
        "decl": {
          "start": { "line": 59, "column": 17 },
          "end": { "line": 59, "column": 18 }
        },
        "loc": {
          "start": { "line": 59, "column": 23 },
          "end": { "line": 59, "column": 31 }
        },
        "line": 59
      },
      "4": {
        "name": "(anonymous_4)",
        "decl": {
          "start": { "line": 62, "column": 13 },
          "end": { "line": 62, "column": 14 }
        },
        "loc": {
          "start": { "line": 62, "column": 19 },
          "end": { "line": 62, "column": 38 }
        },
        "line": 62
      },
      "5": {
        "name": "(anonymous_5)",
        "decl": {
          "start": { "line": 68, "column": 24 },
          "end": { "line": 68, "column": 25 }
        },
        "loc": {
          "start": { "line": 68, "column": 41 },
          "end": { "line": 79, "column": 3 }
        },
        "line": 68
      },
      "6": {
        "name": "(anonymous_6)",
        "decl": {
          "start": { "line": 81, "column": 18 },
          "end": { "line": 81, "column": 19 }
        },
        "loc": {
          "start": { "line": 81, "column": 24 },
          "end": { "line": 92, "column": 3 }
        },
        "line": 81
      }
    },
    "branchMap": {
      "0": {
        "loc": {
          "start": { "line": 22, "column": 2 },
          "end": { "line": 22, "column": 15 }
        },
        "type": "default-arg",
        "locations": [
          {
            "start": { "line": 22, "column": 9 },
            "end": { "line": 22, "column": 15 }
          }
        ],
        "line": 22
      },
      "1": {
        "loc": {
          "start": { "line": 23, "column": 2 },
          "end": { "line": 23, "column": 17 }
        },
        "type": "default-arg",
        "locations": [
          {
            "start": { "line": 23, "column": 13 },
            "end": { "line": 23, "column": 17 }
          }
        ],
        "line": 23
      },
      "2": {
        "loc": {
          "start": { "line": 30, "column": 4 },
          "end": { "line": 63, "column": 5 }
        },
        "type": "if",
        "locations": [
          {
            "start": { "line": 30, "column": 4 },
            "end": { "line": 63, "column": 5 }
          },
          { "start": {}, "end": {} }
        ],
        "line": 30
      },
      "3": {
        "loc": {
          "start": { "line": 66, "column": 2 },
          "end": { "line": 66, "column": 28 }
        },
        "type": "if",
        "locations": [
          {
            "start": { "line": 66, "column": 2 },
            "end": { "line": 66, "column": 28 }
          },
          { "start": {}, "end": {} }
        ],
        "line": 66
      },
      "4": {
        "loc": {
          "start": { "line": 69, "column": 4 },
          "end": { "line": 78, "column": 5 }
        },
        "type": "switch",
        "locations": [
          {
            "start": { "line": 70, "column": 6 },
            "end": { "line": 71, "column": 70 }
          },
          {
            "start": { "line": 72, "column": 6 },
            "end": { "line": 73, "column": 70 }
          },
          {
            "start": { "line": 74, "column": 6 },
            "end": { "line": 75, "column": 70 }
          },
          {
            "start": { "line": 76, "column": 6 },
            "end": { "line": 77, "column": 70 }
          }
        ],
        "line": 69
      },
      "5": {
        "loc": {
          "start": { "line": 82, "column": 4 },
          "end": { "line": 91, "column": 5 }
        },
        "type": "switch",
        "locations": [
          {
            "start": { "line": 83, "column": 6 },
            "end": { "line": 84, "column": 34 }
          },
          {
            "start": { "line": 85, "column": 6 },
            "end": { "line": 86, "column": 30 }
          },
          {
            "start": { "line": 87, "column": 6 },
            "end": { "line": 88, "column": 25 }
          },
          {
            "start": { "line": 89, "column": 6 },
            "end": { "line": 90, "column": 36 }
          }
        ],
        "line": 82
      }
    },
    "s": {
      "0": 0,
      "1": 0,
      "2": 0,
      "3": 0,
      "4": 0,
      "5": 0,
      "6": 0,
      "7": 0,
      "8": 0,
      "9": 0,
      "10": 0,
      "11": 0,
      "12": 0,
      "13": 0,
      "14": 0,
      "15": 0,
      "16": 0,
      "17": 0,
      "18": 0,
      "19": 0,
      "20": 0,
      "21": 0,
      "22": 0,
      "23": 0,
      "24": 0,
      "25": 0,
      "26": 0
    },
    "f": { "0": 0, "1": 0, "2": 0, "3": 0, "4": 0, "5": 0, "6": 0 },
    "b": {
      "0": [0],
      "1": [0],
      "2": [0, 0],
      "3": [0, 0],
      "4": [0, 0, 0, 0],
      "5": [0, 0, 0, 0]
    }
  },
  "/home/natan/workspace/comunityWork/src/hooks/useDebounce.ts": {
    "path": "/home/natan/workspace/comunityWork/src/hooks/useDebounce.ts",
    "statementMap": {
      "0": {
        "start": { "line": 15, "column": 46 },
        "end": { "line": 15, "column": 64 }
      },
      "1": {
        "start": { "line": 17, "column": 2 },
        "end": { "line": 25, "column": 21 }
      },
      "2": {
        "start": { "line": 18, "column": 20 },
        "end": { "line": 20, "column": 13 }
      },
      "3": {
        "start": { "line": 19, "column": 6 },
        "end": { "line": 19, "column": 31 }
      },
      "4": {
        "start": { "line": 22, "column": 4 },
        "end": { "line": 24, "column": 6 }
      },
      "5": {
        "start": { "line": 23, "column": 6 },
        "end": { "line": 23, "column": 28 }
      },
      "6": {
        "start": { "line": 27, "column": 2 },
        "end": { "line": 27, "column": 24 }
      }
    },
    "fnMap": {
      "0": {
        "name": "useDebounce",
        "decl": {
          "start": { "line": 14, "column": 9 },
          "end": { "line": 14, "column": 20 }
        },
        "loc": {
          "start": { "line": 14, "column": 52 },
          "end": { "line": 28, "column": 1 }
        },
        "line": 14
      },
      "1": {
        "name": "(anonymous_1)",
        "decl": {
          "start": { "line": 17, "column": 12 },
          "end": { "line": 17, "column": 13 }
        },
        "loc": {
          "start": { "line": 17, "column": 18 },
          "end": { "line": 25, "column": 3 }
        },
        "line": 17
      },
      "2": {
        "name": "(anonymous_2)",
        "decl": {
          "start": { "line": 18, "column": 31 },
          "end": { "line": 18, "column": 32 }
        },
        "loc": {
          "start": { "line": 18, "column": 37 },
          "end": { "line": 20, "column": 5 }
        },
        "line": 18
      },
      "3": {
        "name": "(anonymous_3)",
        "decl": {
          "start": { "line": 22, "column": 11 },
          "end": { "line": 22, "column": 12 }
        },
        "loc": {
          "start": { "line": 22, "column": 17 },
          "end": { "line": 24, "column": 5 }
        },
        "line": 22
      }
    },
    "branchMap": {},
    "s": { "0": 0, "1": 0, "2": 0, "3": 0, "4": 0, "5": 0, "6": 0 },
    "f": { "0": 0, "1": 0, "2": 0, "3": 0 },
    "b": {}
  },
  "/home/natan/workspace/comunityWork/src/hooks/useToast.ts": {
    "path": "/home/natan/workspace/comunityWork/src/hooks/useToast.ts",
    "statementMap": {
      "0": {
        "start": { "line": 22, "column": 24 },
        "end": { "line": 45, "column": 1 }
      },
      "1": {
        "start": { "line": 23, "column": 28 },
        "end": { "line": 27, "column": 4 }
      },
      "2": {
        "start": { "line": 29, "column": 20 },
        "end": { "line": 31, "column": 8 }
      },
      "3": {
        "start": { "line": 30, "column": 4 },
        "end": { "line": 30, "column": 47 }
      },
      "4": {
        "start": { "line": 33, "column": 20 },
        "end": { "line": 35, "column": 8 }
      },
      "5": {
        "start": { "line": 34, "column": 4 },
        "end": { "line": 34, "column": 52 }
      },
      "6": {
        "start": { "line": 34, "column": 22 },
        "end": { "line": 34, "column": 49 }
      },
      "7": {
        "start": { "line": 37, "column": 2 },
        "end": { "line": 44, "column": 4 }
      }
    },
    "fnMap": {
      "0": {
        "name": "(anonymous_0)",
        "decl": {
          "start": { "line": 22, "column": 24 },
          "end": { "line": 22, "column": 25 }
        },
        "loc": {
          "start": { "line": 22, "column": 30 },
          "end": { "line": 45, "column": 1 }
        },
        "line": 22
      },
      "1": {
        "name": "(anonymous_1)",
        "decl": {
          "start": { "line": 29, "column": 32 },
          "end": { "line": 29, "column": 33 }
        },
        "loc": {
          "start": { "line": 29, "column": 79 },
          "end": { "line": 31, "column": 3 }
        },
        "line": 29
      },
      "2": {
        "name": "(anonymous_2)",
        "decl": {
          "start": { "line": 33, "column": 32 },
          "end": { "line": 33, "column": 33 }
        },
        "loc": {
          "start": { "line": 33, "column": 38 },
          "end": { "line": 35, "column": 3 }
        },
        "line": 33
      },
      "3": {
        "name": "(anonymous_3)",
        "decl": {
          "start": { "line": 34, "column": 13 },
          "end": { "line": 34, "column": 14 }
        },
        "loc": {
          "start": { "line": 34, "column": 22 },
          "end": { "line": 34, "column": 49 }
        },
        "line": 34
      }
    },
    "branchMap": {
      "0": {
        "loc": {
          "start": { "line": 29, "column": 50 },
          "end": { "line": 29, "column": 74 }
        },
        "type": "default-arg",
        "locations": [
          {
            "start": { "line": 29, "column": 68 },
            "end": { "line": 29, "column": 74 }
          }
        ],
        "line": 29
      }
    },
    "s": { "0": 0, "1": 0, "2": 0, "3": 0, "4": 0, "5": 0, "6": 0, "7": 0 },
    "f": { "0": 0, "1": 0, "2": 0, "3": 0 },
    "b": { "0": [0] }
  },
  "/home/natan/workspace/comunityWork/src/screens/addService/index.tsx": {
    "path": "/home/natan/workspace/comunityWork/src/screens/addService/index.tsx",
    "statementMap": {
      "0": {
        "start": { "line": 44, "column": 35 },
        "end": { "line": 416, "column": 1 }
      },
      "1": {
        "start": { "line": 45, "column": 21 },
        "end": { "line": 45, "column": 62 }
      },
      "2": {
        "start": { "line": 46, "column": 36 },
        "end": { "line": 46, "column": 46 }
      },
      "3": {
        "start": { "line": 49, "column": 28 },
        "end": { "line": 49, "column": 40 }
      },
      "4": {
        "start": { "line": 50, "column": 40 },
        "end": { "line": 50, "column": 52 }
      },
      "5": {
        "start": { "line": 51, "column": 28 },
        "end": { "line": 51, "column": 40 }
      },
      "6": {
        "start": { "line": 52, "column": 42 },
        "end": { "line": 52, "column": 54 }
      },
      "7": {
        "start": { "line": 53, "column": 50 },
        "end": { "line": 53, "column": 79 }
      },
      "8": {
        "start": { "line": 54, "column": 38 },
        "end": { "line": 54, "column": 62 }
      },
      "9": {
        "start": { "line": 55, "column": 46 },
        "end": { "line": 55, "column": 75 }
      },
      "10": {
        "start": { "line": 58, "column": 32 },
        "end": { "line": 58, "column": 47 }
      },
      "11": {
        "start": { "line": 59, "column": 46 },
        "end": { "line": 59, "column": 57 }
      },
      "12": {
        "start": { "line": 62, "column": 38 },
        "end": { "line": 62, "column": 50 }
      },
      "13": {
        "start": { "line": 63, "column": 38 },
        "end": { "line": 63, "column": 50 }
      },
      "14": {
        "start": { "line": 65, "column": 2 },
        "end": { "line": 67, "column": 9 }
      },
      "15": {
        "start": { "line": 66, "column": 4 },
        "end": { "line": 66, "column": 21 }
      },
      "16": {
        "start": { "line": 69, "column": 25 },
        "end": { "line": 81, "column": 3 }
      },
      "17": {
        "start": { "line": 70, "column": 28 },
        "end": { "line": 73, "column": 41 }
      },
      "18": {
        "start": { "line": 75, "column": 4 },
        "end": { "line": 80, "column": 5 }
      },
      "19": {
        "start": { "line": 76, "column": 6 },
        "end": { "line": 76, "column": 56 }
      },
      "20": {
        "start": { "line": 77, "column": 11 },
        "end": { "line": 80, "column": 5 }
      },
      "21": {
        "start": { "line": 78, "column": 6 },
        "end": { "line": 78, "column": 26 }
      },
      "22": {
        "start": { "line": 79, "column": 6 },
        "end": { "line": 79, "column": 38 }
      },
      "23": {
        "start": { "line": 83, "column": 23 },
        "end": { "line": 115, "column": 3 }
      },
      "24": {
        "start": { "line": 84, "column": 18 },
        "end": { "line": 84, "column": 22 }
      },
      "25": {
        "start": { "line": 87, "column": 4 },
        "end": { "line": 98, "column": 5 }
      },
      "26": {
        "start": { "line": 88, "column": 6 },
        "end": { "line": 88, "column": 46 }
      },
      "27": {
        "start": { "line": 89, "column": 6 },
        "end": { "line": 89, "column": 22 }
      },
      "28": {
        "start": { "line": 90, "column": 11 },
        "end": { "line": 98, "column": 5 }
      },
      "29": {
        "start": { "line": 91, "column": 6 },
        "end": { "line": 91, "column": 65 }
      },
      "30": {
        "start": { "line": 92, "column": 6 },
        "end": { "line": 92, "column": 22 }
      },
      "31": {
        "start": { "line": 93, "column": 11 },
        "end": { "line": 98, "column": 5 }
      },
      "32": {
        "start": { "line": 94, "column": 6 },
        "end": { "line": 94, "column": 66 }
      },
      "33": {
        "start": { "line": 95, "column": 6 },
        "end": { "line": 95, "column": 22 }
      },
      "34": {
        "start": { "line": 97, "column": 6 },
        "end": { "line": 97, "column": 24 }
      },
      "35": {
        "start": { "line": 101, "column": 4 },
        "end": { "line": 112, "column": 5 }
      },
      "36": {
        "start": { "line": 102, "column": 6 },
        "end": { "line": 102, "column": 38 }
      },
      "37": {
        "start": { "line": 103, "column": 6 },
        "end": { "line": 103, "column": 22 }
      },
      "38": {
        "start": { "line": 104, "column": 11 },
        "end": { "line": 112, "column": 5 }
      },
      "39": {
        "start": { "line": 105, "column": 6 },
        "end": { "line": 105, "column": 51 }
      },
      "40": {
        "start": { "line": 106, "column": 6 },
        "end": { "line": 106, "column": 22 }
      },
      "41": {
        "start": { "line": 107, "column": 11 },
        "end": { "line": 112, "column": 5 }
      },
      "42": {
        "start": { "line": 108, "column": 6 },
        "end": { "line": 108, "column": 40 }
      },
      "43": {
        "start": { "line": 109, "column": 6 },
        "end": { "line": 109, "column": 22 }
      },
      "44": {
        "start": { "line": 111, "column": 6 },
        "end": { "line": 111, "column": 24 }
      },
      "45": {
        "start": { "line": 114, "column": 4 },
        "end": { "line": 114, "column": 19 }
      },
      "46": {
        "start": { "line": 117, "column": 20 },
        "end": { "line": 145, "column": 3 }
      },
      "47": {
        "start": { "line": 118, "column": 4 },
        "end": { "line": 121, "column": 5 }
      },
      "48": {
        "start": { "line": 119, "column": 6 },
        "end": { "line": 119, "column": 65 }
      },
      "49": {
        "start": { "line": 120, "column": 6 },
        "end": { "line": 120, "column": 13 }
      },
      "50": {
        "start": { "line": 123, "column": 23 },
        "end": { "line": 123, "column": 78 }
      },
      "51": {
        "start": { "line": 124, "column": 4 },
        "end": { "line": 127, "column": 5 }
      },
      "52": {
        "start": { "line": 125, "column": 6 },
        "end": { "line": 125, "column": 63 }
      },
      "53": {
        "start": { "line": 126, "column": 6 },
        "end": { "line": 126, "column": 13 }
      },
      "54": {
        "start": { "line": 129, "column": 19 },
        "end": { "line": 135, "column": 6 }
      },
      "55": {
        "start": { "line": 137, "column": 4 },
        "end": { "line": 144, "column": 5 }
      },
      "56": {
        "start": { "line": 138, "column": 20 },
        "end": { "line": 138, "column": 36 }
      },
      "57": {
        "start": { "line": 139, "column": 6 },
        "end": { "line": 142, "column": 9 }
      },
      "58": {
        "start": { "line": 143, "column": 6 },
        "end": { "line": 143, "column": 48 }
      },
      "59": {
        "start": { "line": 147, "column": 22 },
        "end": { "line": 150, "column": 3 }
      },
      "60": {
        "start": { "line": 148, "column": 4 },
        "end": { "line": 148, "column": 77 }
      },
      "61": {
        "start": { "line": 148, "column": 51 },
        "end": { "line": 148, "column": 74 }
      },
      "62": {
        "start": { "line": 149, "column": 4 },
        "end": { "line": 149, "column": 41 }
      },
      "63": {
        "start": { "line": 152, "column": 28 },
        "end": { "line": 252, "column": 3 }
      },
      "64": {
        "start": { "line": 153, "column": 4 },
        "end": { "line": 156, "column": 5 }
      },
      "65": {
        "start": { "line": 154, "column": 6 },
        "end": { "line": 154, "column": 70 }
      },
      "66": {
        "start": { "line": 155, "column": 6 },
        "end": { "line": 155, "column": 13 }
      },
      "67": {
        "start": { "line": 158, "column": 4 },
        "end": { "line": 161, "column": 5 }
      },
      "68": {
        "start": { "line": 159, "column": 6 },
        "end": { "line": 159, "column": 52 }
      },
      "69": {
        "start": { "line": 160, "column": 6 },
        "end": { "line": 160, "column": 13 }
      },
      "70": {
        "start": { "line": 163, "column": 4 },
        "end": { "line": 163, "column": 21 }
      },
      "71": {
        "start": { "line": 164, "column": 4 },
        "end": { "line": 164, "column": 25 }
      },
      "72": {
        "start": { "line": 166, "column": 4 },
        "end": { "line": 251, "column": 5 }
      },
      "73": {
        "start": { "line": 169, "column": 10 },
        "end": { "line": 169, "column": 39 }
      },
      "74": {
        "start": { "line": 170, "column": 6 },
        "end": { "line": 170, "column": 60 }
      },
      "75": {
        "start": { "line": 170, "column": 17 },
        "end": { "line": 170, "column": 60 }
      },
      "76": {
        "start": { "line": 172, "column": 57 },
        "end": { "line": 176, "column": 17 }
      },
      "77": {
        "start": { "line": 178, "column": 6 },
        "end": { "line": 178, "column": 43 }
      },
      "78": {
        "start": { "line": 178, "column": 24 },
        "end": { "line": 178, "column": 43 }
      },
      "79": {
        "start": { "line": 180, "column": 6 },
        "end": { "line": 184, "column": 7 }
      },
      "80": {
        "start": { "line": 181, "column": 8 },
        "end": { "line": 181, "column": 63 }
      },
      "81": {
        "start": { "line": 182, "column": 8 },
        "end": { "line": 182, "column": 26 }
      },
      "82": {
        "start": { "line": 183, "column": 8 },
        "end": { "line": 183, "column": 15 }
      },
      "83": {
        "start": { "line": 187, "column": 42 },
        "end": { "line": 187, "column": 44 }
      },
      "84": {
        "start": { "line": 188, "column": 26 },
        "end": { "line": 188, "column": 47 }
      },
      "85": {
        "start": { "line": 190, "column": 6 },
        "end": { "line": 210, "column": 7 }
      },
      "86": {
        "start": { "line": 190, "column": 19 },
        "end": { "line": 190, "column": 20 }
      },
      "87": {
        "start": { "line": 191, "column": 22 },
        "end": { "line": 191, "column": 39 }
      },
      "88": {
        "start": { "line": 192, "column": 24 },
        "end": { "line": 192, "column": 59 }
      },
      "89": {
        "start": { "line": 193, "column": 25 },
        "end": { "line": 193, "column": 56 }
      },
      "90": {
        "start": { "line": 194, "column": 25 },
        "end": { "line": 194, "column": 49 }
      },
      "91": {
        "start": { "line": 196, "column": 39 },
        "end": { "line": 200, "column": 12 }
      },
      "92": {
        "start": { "line": 202, "column": 8 },
        "end": { "line": 202, "column": 43 }
      },
      "93": {
        "start": { "line": 202, "column": 25 },
        "end": { "line": 202, "column": 43 }
      },
      "94": {
        "start": { "line": 204, "column": 40 },
        "end": { "line": 206, "column": 33 }
      },
      "95": {
        "start": { "line": 208, "column": 8 },
        "end": { "line": 208, "column": 56 }
      },
      "96": {
        "start": { "line": 209, "column": 8 },
        "end": { "line": 209, "column": 57 }
      },
      "97": {
        "start": { "line": 213, "column": 26 },
        "end": { "line": 222, "column": 7 }
      },
      "98": {
        "start": { "line": 224, "column": 37 },
        "end": { "line": 226, "column": 28 }
      },
      "99": {
        "start": { "line": 228, "column": 6 },
        "end": { "line": 228, "column": 41 }
      },
      "100": {
        "start": { "line": 228, "column": 23 },
        "end": { "line": 228, "column": 41 }
      },
      "101": {
        "start": { "line": 230, "column": 6 },
        "end": { "line": 230, "column": 62 }
      },
      "102": {
        "start": { "line": 233, "column": 6 },
        "end": { "line": 233, "column": 19 }
      },
      "103": {
        "start": { "line": 234, "column": 6 },
        "end": { "line": 234, "column": 25 }
      },
      "104": {
        "start": { "line": 235, "column": 6 },
        "end": { "line": 235, "column": 19 }
      },
      "105": {
        "start": { "line": 236, "column": 6 },
        "end": { "line": 236, "column": 26 }
      },
      "106": {
        "start": { "line": 237, "column": 6 },
        "end": { "line": 237, "column": 28 }
      },
      "107": {
        "start": { "line": 238, "column": 6 },
        "end": { "line": 238, "column": 24 }
      },
      "108": {
        "start": { "line": 239, "column": 6 },
        "end": { "line": 239, "column": 24 }
      },
      "109": {
        "start": { "line": 240, "column": 6 },
        "end": { "line": 240, "column": 27 }
      },
      "110": {
        "start": { "line": 242, "column": 6 },
        "end": { "line": 244, "column": 15 }
      },
      "111": {
        "start": { "line": 243, "column": 8 },
        "end": { "line": 243, "column": 28 }
      },
      "112": {
        "start": { "line": 247, "column": 8 },
        "end": { "line": 247, "column": 79 }
      },
      "113": {
        "start": { "line": 248, "column": 6 },
        "end": { "line": 248, "column": 39 }
      },
      "114": {
        "start": { "line": 250, "column": 6 },
        "end": { "line": 250, "column": 24 }
      },
      "115": {
        "start": { "line": 254, "column": 2 },
        "end": { "line": 415, "column": 4 }
      },
      "116": {
        "start": { "line": 278, "column": 16 },
        "end": { "line": 278, "column": 31 }
      },
      "117": {
        "start": { "line": 279, "column": 16 },
        "end": { "line": 279, "column": 34 }
      },
      "118": {
        "start": { "line": 295, "column": 18 },
        "end": { "line": 295, "column": 58 }
      },
      "119": {
        "start": { "line": 299, "column": 18 },
        "end": { "line": 299, "column": 78 }
      },
      "120": {
        "start": { "line": 328, "column": 16 },
        "end": { "line": 328, "column": 31 }
      },
      "121": {
        "start": { "line": 329, "column": 16 },
        "end": { "line": 329, "column": 34 }
      },
      "122": {
        "start": { "line": 352, "column": 16 },
        "end": { "line": 363, "column": 23 }
      },
      "123": {
        "start": { "line": 358, "column": 35 },
        "end": { "line": 358, "column": 57 }
      }
    },
    "fnMap": {
      "0": {
        "name": "(anonymous_0)",
        "decl": {
          "start": { "line": 44, "column": 35 },
          "end": { "line": 44, "column": 36 }
        },
        "loc": {
          "start": { "line": 44, "column": 41 },
          "end": { "line": 416, "column": 1 }
        },
        "line": 44
      },
      "1": {
        "name": "(anonymous_1)",
        "decl": {
          "start": { "line": 65, "column": 12 },
          "end": { "line": 65, "column": 13 }
        },
        "loc": {
          "start": { "line": 65, "column": 18 },
          "end": { "line": 67, "column": 3 }
        },
        "line": 65
      },
      "2": {
        "name": "(anonymous_2)",
        "decl": {
          "start": { "line": 69, "column": 25 },
          "end": { "line": 69, "column": 26 }
        },
        "loc": {
          "start": { "line": 69, "column": 37 },
          "end": { "line": 81, "column": 3 }
        },
        "line": 69
      },
      "3": {
        "name": "(anonymous_3)",
        "decl": {
          "start": { "line": 83, "column": 23 },
          "end": { "line": 83, "column": 24 }
        },
        "loc": {
          "start": { "line": 83, "column": 38 },
          "end": { "line": 115, "column": 3 }
        },
        "line": 83
      },
      "4": {
        "name": "(anonymous_4)",
        "decl": {
          "start": { "line": 117, "column": 20 },
          "end": { "line": 117, "column": 21 }
        },
        "loc": {
          "start": { "line": 117, "column": 32 },
          "end": { "line": 145, "column": 3 }
        },
        "line": 117
      },
      "5": {
        "name": "(anonymous_5)",
        "decl": {
          "start": { "line": 147, "column": 22 },
          "end": { "line": 147, "column": 23 }
        },
        "loc": {
          "start": { "line": 147, "column": 47 },
          "end": { "line": 150, "column": 3 }
        },
        "line": 147
      },
      "6": {
        "name": "(anonymous_6)",
        "decl": {
          "start": { "line": 148, "column": 44 },
          "end": { "line": 148, "column": 45 }
        },
        "loc": {
          "start": { "line": 148, "column": 51 },
          "end": { "line": 148, "column": 74 }
        },
        "line": 148
      },
      "7": {
        "name": "(anonymous_7)",
        "decl": {
          "start": { "line": 152, "column": 28 },
          "end": { "line": 152, "column": 29 }
        },
        "loc": {
          "start": { "line": 152, "column": 40 },
          "end": { "line": 252, "column": 3 }
        },
        "line": 152
      },
      "8": {
        "name": "(anonymous_8)",
        "decl": {
          "start": { "line": 242, "column": 17 },
          "end": { "line": 242, "column": 18 }
        },
        "loc": {
          "start": { "line": 242, "column": 23 },
          "end": { "line": 244, "column": 7 }
        },
        "line": 242
      },
      "9": {
        "name": "(anonymous_9)",
        "decl": {
          "start": { "line": 277, "column": 28 },
          "end": { "line": 277, "column": 29 }
        },
        "loc": {
          "start": { "line": 277, "column": 36 },
          "end": { "line": 280, "column": 15 }
        },
        "line": 277
      },
      "10": {
        "name": "(anonymous_10)",
        "decl": {
          "start": { "line": 294, "column": 31 },
          "end": { "line": 294, "column": 32 }
        },
        "loc": {
          "start": { "line": 295, "column": 18 },
          "end": { "line": 295, "column": 58 }
        },
        "line": 295
      },
      "11": {
        "name": "(anonymous_11)",
        "decl": {
          "start": { "line": 298, "column": 32 },
          "end": { "line": 298, "column": 33 }
        },
        "loc": {
          "start": { "line": 299, "column": 18 },
          "end": { "line": 299, "column": 78 }
        },
        "line": 299
      },
      "12": {
        "name": "(anonymous_12)",
        "decl": {
          "start": { "line": 327, "column": 28 },
          "end": { "line": 327, "column": 29 }
        },
        "loc": {
          "start": { "line": 327, "column": 36 },
          "end": { "line": 330, "column": 15 }
        },
        "line": 327
      },
      "13": {
        "name": "(anonymous_13)",
        "decl": {
          "start": { "line": 351, "column": 34 },
          "end": { "line": 351, "column": 35 }
        },
        "loc": {
          "start": { "line": 352, "column": 16 },
          "end": { "line": 363, "column": 23 }
        },
        "line": 352
      },
      "14": {
        "name": "(anonymous_14)",
        "decl": {
          "start": { "line": 358, "column": 29 },
          "end": { "line": 358, "column": 30 }
        },
        "loc": {
          "start": { "line": 358, "column": 35 },
          "end": { "line": 358, "column": 57 }
        },
        "line": 358
      }
    },
    "branchMap": {
      "0": {
        "loc": {
          "start": { "line": 75, "column": 4 },
          "end": { "line": 80, "column": 5 }
        },
        "type": "if",
        "locations": [
          {
            "start": { "line": 75, "column": 4 },
            "end": { "line": 80, "column": 5 }
          },
          {
            "start": { "line": 77, "column": 11 },
            "end": { "line": 80, "column": 5 }
          }
        ],
        "line": 75
      },
      "1": {
        "loc": {
          "start": { "line": 77, "column": 11 },
          "end": { "line": 80, "column": 5 }
        },
        "type": "if",
        "locations": [
          {
            "start": { "line": 77, "column": 11 },
            "end": { "line": 80, "column": 5 }
          },
          { "start": {}, "end": {} }
        ],
        "line": 77
      },
      "2": {
        "loc": {
          "start": { "line": 77, "column": 15 },
          "end": { "line": 77, "column": 38 }
        },
        "type": "binary-expr",
        "locations": [
          {
            "start": { "line": 77, "column": 15 },
            "end": { "line": 77, "column": 19 }
          },
          {
            "start": { "line": 77, "column": 23 },
            "end": { "line": 77, "column": 38 }
          }
        ],
        "line": 77
      },
      "3": {
        "loc": {
          "start": { "line": 87, "column": 4 },
          "end": { "line": 98, "column": 5 }
        },
        "type": "if",
        "locations": [
          {
            "start": { "line": 87, "column": 4 },
            "end": { "line": 98, "column": 5 }
          },
          {
            "start": { "line": 90, "column": 11 },
            "end": { "line": 98, "column": 5 }
          }
        ],
        "line": 87
      },
      "4": {
        "loc": {
          "start": { "line": 90, "column": 11 },
          "end": { "line": 98, "column": 5 }
        },
        "type": "if",
        "locations": [
          {
            "start": { "line": 90, "column": 11 },
            "end": { "line": 98, "column": 5 }
          },
          {
            "start": { "line": 93, "column": 11 },
            "end": { "line": 98, "column": 5 }
          }
        ],
        "line": 90
      },
      "5": {
        "loc": {
          "start": { "line": 93, "column": 11 },
          "end": { "line": 98, "column": 5 }
        },
        "type": "if",
        "locations": [
          {
            "start": { "line": 93, "column": 11 },
            "end": { "line": 98, "column": 5 }
          },
          {
            "start": { "line": 96, "column": 11 },
            "end": { "line": 98, "column": 5 }
          }
        ],
        "line": 93
      },
      "6": {
        "loc": {
          "start": { "line": 101, "column": 4 },
          "end": { "line": 112, "column": 5 }
        },
        "type": "if",
        "locations": [
          {
            "start": { "line": 101, "column": 4 },
            "end": { "line": 112, "column": 5 }
          },
          {
            "start": { "line": 104, "column": 11 },
            "end": { "line": 112, "column": 5 }
          }
        ],
        "line": 101
      },
      "7": {
        "loc": {
          "start": { "line": 101, "column": 8 },
          "end": { "line": 101, "column": 41 }
        },
        "type": "binary-expr",
        "locations": [
          {
            "start": { "line": 101, "column": 8 },
            "end": { "line": 101, "column": 13 }
          },
          {
            "start": { "line": 101, "column": 17 },
            "end": { "line": 101, "column": 41 }
          }
        ],
        "line": 101
      },
      "8": {
        "loc": {
          "start": { "line": 104, "column": 11 },
          "end": { "line": 112, "column": 5 }
        },
        "type": "if",
        "locations": [
          {
            "start": { "line": 104, "column": 11 },
            "end": { "line": 112, "column": 5 }
          },
          {
            "start": { "line": 107, "column": 11 },
            "end": { "line": 112, "column": 5 }
          }
        ],
        "line": 104
      },
      "9": {
        "loc": {
          "start": { "line": 104, "column": 15 },
          "end": { "line": 104, "column": 45 }
        },
        "type": "binary-expr",
        "locations": [
          {
            "start": { "line": 104, "column": 15 },
            "end": { "line": 104, "column": 20 }
          },
          {
            "start": { "line": 104, "column": 24 },
            "end": { "line": 104, "column": 45 }
          }
        ],
        "line": 104
      },
      "10": {
        "loc": {
          "start": { "line": 107, "column": 11 },
          "end": { "line": 112, "column": 5 }
        },
        "type": "if",
        "locations": [
          {
            "start": { "line": 107, "column": 11 },
            "end": { "line": 112, "column": 5 }
          },
          {
            "start": { "line": 110, "column": 11 },
            "end": { "line": 112, "column": 5 }
          }
        ],
        "line": 107
      },
      "11": {
        "loc": {
          "start": { "line": 107, "column": 15 },
          "end": { "line": 107, "column": 51 }
        },
        "type": "binary-expr",
        "locations": [
          {
            "start": { "line": 107, "column": 15 },
            "end": { "line": 107, "column": 20 }
          },
          {
            "start": { "line": 107, "column": 24 },
            "end": { "line": 107, "column": 51 }
          }
        ],
        "line": 107
      },
      "12": {
        "loc": {
          "start": { "line": 118, "column": 4 },
          "end": { "line": 121, "column": 5 }
        },
        "type": "if",
        "locations": [
          {
            "start": { "line": 118, "column": 4 },
            "end": { "line": 121, "column": 5 }
          },
          { "start": {}, "end": {} }
        ],
        "line": 118
      },
      "13": {
        "loc": {
          "start": { "line": 124, "column": 4 },
          "end": { "line": 127, "column": 5 }
        },
        "type": "if",
        "locations": [
          {
            "start": { "line": 124, "column": 4 },
            "end": { "line": 127, "column": 5 }
          },
          { "start": {}, "end": {} }
        ],
        "line": 124
      },
      "14": {
        "loc": {
          "start": { "line": 137, "column": 4 },
          "end": { "line": 144, "column": 5 }
        },
        "type": "if",
        "locations": [
          {
            "start": { "line": 137, "column": 4 },
            "end": { "line": 144, "column": 5 }
          },
          { "start": {}, "end": {} }
        ],
        "line": 137
      },
      "15": {
        "loc": {
          "start": { "line": 137, "column": 8 },
          "end": { "line": 137, "column": 68 }
        },
        "type": "binary-expr",
        "locations": [
          {
            "start": { "line": 137, "column": 8 },
            "end": { "line": 137, "column": 24 }
          },
          {
            "start": { "line": 137, "column": 28 },
            "end": { "line": 137, "column": 41 }
          },
          {
            "start": { "line": 137, "column": 45 },
            "end": { "line": 137, "column": 68 }
          }
        ],
        "line": 137
      },
      "16": {
        "loc": {
          "start": { "line": 153, "column": 4 },
          "end": { "line": 156, "column": 5 }
        },
        "type": "if",
        "locations": [
          {
            "start": { "line": 153, "column": 4 },
            "end": { "line": 156, "column": 5 }
          },
          { "start": {}, "end": {} }
        ],
        "line": 153
      },
      "17": {
        "loc": {
          "start": { "line": 158, "column": 4 },
          "end": { "line": 161, "column": 5 }
        },
        "type": "if",
        "locations": [
          {
            "start": { "line": 158, "column": 4 },
            "end": { "line": 161, "column": 5 }
          },
          { "start": {}, "end": {} }
        ],
        "line": 158
      },
      "18": {
        "loc": {
          "start": { "line": 170, "column": 6 },
          "end": { "line": 170, "column": 60 }
        },
        "type": "if",
        "locations": [
          {
            "start": { "line": 170, "column": 6 },
            "end": { "line": 170, "column": 60 }
          },
          { "start": {}, "end": {} }
        ],
        "line": 170
      },
      "19": {
        "loc": {
          "start": { "line": 178, "column": 6 },
          "end": { "line": 178, "column": 43 }
        },
        "type": "if",
        "locations": [
          {
            "start": { "line": 178, "column": 6 },
            "end": { "line": 178, "column": 43 }
          },
          { "start": {}, "end": {} }
        ],
        "line": 178
      },
      "20": {
        "loc": {
          "start": { "line": 180, "column": 6 },
          "end": { "line": 184, "column": 7 }
        },
        "type": "if",
        "locations": [
          {
            "start": { "line": 180, "column": 6 },
            "end": { "line": 184, "column": 7 }
          },
          { "start": {}, "end": {} }
        ],
        "line": 180
      },
      "21": {
        "loc": {
          "start": { "line": 192, "column": 24 },
          "end": { "line": 192, "column": 59 }
        },
        "type": "binary-expr",
        "locations": [
          {
            "start": { "line": 192, "column": 24 },
            "end": { "line": 192, "column": 50 }
          },
          {
            "start": { "line": 192, "column": 54 },
            "end": { "line": 192, "column": 59 }
          }
        ],
        "line": 192
      },
      "22": {
        "loc": {
          "start": { "line": 202, "column": 8 },
          "end": { "line": 202, "column": 43 }
        },
        "type": "if",
        "locations": [
          {
            "start": { "line": 202, "column": 8 },
            "end": { "line": 202, "column": 43 }
          },
          { "start": {}, "end": {} }
        ],
        "line": 202
      },
      "23": {
        "loc": {
          "start": { "line": 216, "column": 21 },
          "end": { "line": 216, "column": 47 }
        },
        "type": "binary-expr",
        "locations": [
          {
            "start": { "line": 216, "column": 21 },
            "end": { "line": 216, "column": 39 }
          },
          {
            "start": { "line": 216, "column": 43 },
            "end": { "line": 216, "column": 47 }
          }
        ],
        "line": 216
      },
      "24": {
        "loc": {
          "start": { "line": 218, "column": 15 },
          "end": { "line": 218, "column": 47 }
        },
        "type": "cond-expr",
        "locations": [
          {
            "start": { "line": 218, "column": 23 },
            "end": { "line": 218, "column": 40 }
          },
          {
            "start": { "line": 218, "column": 43 },
            "end": { "line": 218, "column": 47 }
          }
        ],
        "line": 218
      },
      "25": {
        "loc": {
          "start": { "line": 219, "column": 22 },
          "end": { "line": 219, "column": 49 }
        },
        "type": "binary-expr",
        "locations": [
          {
            "start": { "line": 219, "column": 22 },
            "end": { "line": 219, "column": 41 }
          },
          {
            "start": { "line": 219, "column": 45 },
            "end": { "line": 219, "column": 49 }
          }
        ],
        "line": 219
      },
      "26": {
        "loc": {
          "start": { "line": 228, "column": 6 },
          "end": { "line": 228, "column": 41 }
        },
        "type": "if",
        "locations": [
          {
            "start": { "line": 228, "column": 6 },
            "end": { "line": 228, "column": 41 }
          },
          { "start": {}, "end": {} }
        ],
        "line": 228
      },
      "27": {
        "loc": {
          "start": { "line": 247, "column": 8 },
          "end": { "line": 247, "column": 79 }
        },
        "type": "cond-expr",
        "locations": [
          {
            "start": { "line": 247, "column": 33 },
            "end": { "line": 247, "column": 46 }
          },
          {
            "start": { "line": 247, "column": 49 },
            "end": { "line": 247, "column": 79 }
          }
        ],
        "line": 247
      },
      "28": {
        "loc": {
          "start": { "line": 259, "column": 18 },
          "end": { "line": 259, "column": 62 }
        },
        "type": "cond-expr",
        "locations": [
          {
            "start": { "line": 259, "column": 42 },
            "end": { "line": 259, "column": 51 }
          },
          {
            "start": { "line": 259, "column": 54 },
            "end": { "line": 259, "column": 62 }
          }
        ],
        "line": 259
      },
      "29": {
        "loc": {
          "start": { "line": 274, "column": 36 },
          "end": { "line": 274, "column": 73 }
        },
        "type": "cond-expr",
        "locations": [
          {
            "start": { "line": 274, "column": 49 },
            "end": { "line": 274, "column": 66 }
          },
          {
            "start": { "line": 274, "column": 69 },
            "end": { "line": 274, "column": 73 }
          }
        ],
        "line": 274
      },
      "30": {
        "loc": {
          "start": { "line": 283, "column": 13 },
          "end": { "line": 285, "column": 20 }
        },
        "type": "cond-expr",
        "locations": [
          {
            "start": { "line": 284, "column": 14 },
            "end": { "line": 284, "column": 64 }
          },
          {
            "start": { "line": 285, "column": 16 },
            "end": { "line": 285, "column": 20 }
          }
        ],
        "line": 283
      },
      "31": {
        "loc": {
          "start": { "line": 324, "column": 36 },
          "end": { "line": 324, "column": 73 }
        },
        "type": "cond-expr",
        "locations": [
          {
            "start": { "line": 324, "column": 49 },
            "end": { "line": 324, "column": 66 }
          },
          {
            "start": { "line": 324, "column": 69 },
            "end": { "line": 324, "column": 73 }
          }
        ],
        "line": 324
      },
      "32": {
        "loc": {
          "start": { "line": 333, "column": 13 },
          "end": { "line": 335, "column": 20 }
        },
        "type": "cond-expr",
        "locations": [
          {
            "start": { "line": 334, "column": 14 },
            "end": { "line": 334, "column": 64 }
          },
          {
            "start": { "line": 335, "column": 16 },
            "end": { "line": 335, "column": 20 }
          }
        ],
        "line": 333
      },
      "33": {
        "loc": {
          "start": { "line": 366, "column": 15 },
          "end": { "line": 378, "column": 15 }
        },
        "type": "binary-expr",
        "locations": [
          {
            "start": { "line": 366, "column": 15 },
            "end": { "line": 366, "column": 40 }
          },
          {
            "start": { "line": 367, "column": 16 },
            "end": { "line": 377, "column": 35 }
          }
        ],
        "line": 366
      },
      "34": {
        "loc": {
          "start": { "line": 383, "column": 11 },
          "end": { "line": 395, "column": 11 }
        },
        "type": "binary-expr",
        "locations": [
          {
            "start": { "line": 383, "column": 11 },
            "end": { "line": 383, "column": 18 }
          },
          {
            "start": { "line": 383, "column": 22 },
            "end": { "line": 383, "column": 40 }
          },
          {
            "start": { "line": 384, "column": 12 },
            "end": { "line": 394, "column": 19 }
          }
        ],
        "line": 383
      },
      "35": {
        "loc": {
          "start": { "line": 399, "column": 35 },
          "end": { "line": 399, "column": 67 }
        },
        "type": "binary-expr",
        "locations": [
          {
            "start": { "line": 399, "column": 35 },
            "end": { "line": 399, "column": 42 }
          },
          {
            "start": { "line": 399, "column": 46 },
            "end": { "line": 399, "column": 67 }
          }
        ],
        "line": 399
      },
      "36": {
        "loc": {
          "start": { "line": 403, "column": 13 },
          "end": { "line": 410, "column": 13 }
        },
        "type": "cond-expr",
        "locations": [
          {
            "start": { "line": 404, "column": 14 },
            "end": { "line": 404, "column": 51 }
          },
          {
            "start": { "line": 406, "column": 14 },
            "end": { "line": 409, "column": 17 }
          }
        ],
[...]
        "loc": {
          "start": { "line": 200, "column": 4 },
          "end": { "line": 200, "column": 78 }
        },
        "type": "if",
        "locations": [
          {
            "start": { "line": 200, "column": 4 },
            "end": { "line": 200, "column": 78 }
          },
          { "start": {}, "end": {} }
        ],
        "line": 200
      },
      "18": {
        "loc": {
          "start": { "line": 201, "column": 4 },
          "end": { "line": 201, "column": 78 }
        },
        "type": "if",
        "locations": [
          {
            "start": { "line": 201, "column": 4 },
            "end": { "line": 201, "column": 78 }
          },
          { "start": {}, "end": {} }
        ],
        "line": 201
      },
      "19": {
        "loc": {
          "start": { "line": 211, "column": 14 },
          "end": { "line": 211, "column": 77 }
        },
        "type": "binary-expr",
        "locations": [
          {
            "start": { "line": 211, "column": 14 },
            "end": { "line": 211, "column": 41 }
          },
          {
            "start": { "line": 211, "column": 45 },
            "end": { "line": 211, "column": 77 }
          }
        ],
        "line": 211
      },
      "20": {
        "loc": {
          "start": { "line": 217, "column": 13 },
          "end": { "line": 217, "column": 60 }
        },
        "type": "binary-expr",
        "locations": [
          {
            "start": { "line": 217, "column": 13 },
            "end": { "line": 217, "column": 39 }
          },
          {
            "start": { "line": 217, "column": 43 },
            "end": { "line": 217, "column": 60 }
          }
        ],
        "line": 217
      },
      "21": {
        "loc": {
          "start": { "line": 227, "column": 21 },
          "end": { "line": 227, "column": 62 }
        },
        "type": "cond-expr",
        "locations": [
          {
            "start": { "line": 227, "column": 41 },
            "end": { "line": 227, "column": 50 }
          },
          {
            "start": { "line": 227, "column": 53 },
            "end": { "line": 227, "column": 62 }
          }
        ],
        "line": 227
      },
      "22": {
        "loc": {
          "start": { "line": 232, "column": 7 },
          "end": { "line": 234, "column": 7 }
        },
        "type": "binary-expr",
        "locations": [
          {
            "start": { "line": 232, "column": 7 },
            "end": { "line": 232, "column": 21 }
          },
          {
            "start": { "line": 233, "column": 8 },
            "end": { "line": 233, "column": 66 }
          }
        ],
        "line": 232
      },
      "23": {
        "loc": {
          "start": { "line": 259, "column": 2 },
          "end": { "line": 261, "column": 3 }
        },
        "type": "if",
        "locations": [
          {
            "start": { "line": 259, "column": 2 },
            "end": { "line": 261, "column": 3 }
          },
          { "start": {}, "end": {} }
        ],
        "line": 259
      },
      "24": {
        "loc": {
          "start": { "line": 263, "column": 2 },
          "end": { "line": 272, "column": 3 }
        },
        "type": "if",
        "locations": [
          {
            "start": { "line": 263, "column": 2 },
            "end": { "line": 272, "column": 3 }
          },
          { "start": {}, "end": {} }
        ],
        "line": 263
      },
      "25": {
        "loc": {
          "start": { "line": 275, "column": 4 },
          "end": { "line": 278, "column": 9 }
        },
        "type": "cond-expr",
        "locations": [
          {
            "start": { "line": 276, "column": 8 },
            "end": { "line": 277, "column": 30 }
          },
          {
            "start": { "line": 278, "column": 8 },
            "end": { "line": 278, "column": 9 }
          }
        ],
        "line": 275
      },
      "26": {
        "loc": {
          "start": { "line": 296, "column": 9 },
          "end": { "line": 334, "column": 9 }
        },
        "type": "cond-expr",
        "locations": [
          {
            "start": { "line": 297, "column": 10 },
            "end": { "line": 324, "column": 17 }
          },
          {
            "start": { "line": 326, "column": 10 },
            "end": { "line": 333, "column": 17 }
          }
        ],
        "line": 296
      },
      "27": {
        "loc": {
          "start": { "line": 296, "column": 9 },
          "end": { "line": 296, "column": 60 }
        },
        "type": "binary-expr",
        "locations": [
          {
            "start": { "line": 296, "column": 9 },
            "end": { "line": 296, "column": 27 }
          },
          {
            "start": { "line": 296, "column": 31 },
            "end": { "line": 296, "column": 60 }
          }
        ],
        "line": 296
      },
      "28": {
        "loc": {
          "start": { "line": 317, "column": 13 },
          "end": { "line": 323, "column": 13 }
        },
        "type": "binary-expr",
        "locations": [
          {
            "start": { "line": 317, "column": 13 },
            "end": { "line": 317, "column": 42 }
          },
          {
            "start": { "line": 318, "column": 14 },
            "end": { "line": 322, "column": 21 }
          }
        ],
        "line": 317
      },
      "29": {
        "loc": {
          "start": { "line": 340, "column": 15 },
          "end": { "line": 340, "column": 58 }
        },
        "type": "binary-expr",
        "locations": [
          {
            "start": { "line": 340, "column": 15 },
            "end": { "line": 340, "column": 39 }
          },
          {
            "start": { "line": 340, "column": 43 },
            "end": { "line": 340, "column": 58 }
          }
        ],
        "line": 340
      },
      "30": {
        "loc": {
          "start": { "line": 347, "column": 11 },
          "end": { "line": 366, "column": 11 }
        },
        "type": "binary-expr",
        "locations": [
          {
            "start": { "line": 347, "column": 11 },
            "end": { "line": 347, "column": 37 }
          },
          {
            "start": { "line": 348, "column": 12 },
            "end": { "line": 365, "column": 19 }
          }
        ],
        "line": 347
      },
      "31": {
        "loc": {
          "start": { "line": 356, "column": 22 },
          "end": { "line": 356, "column": 75 }
        },
        "type": "cond-expr",
        "locations": [
          {
            "start": { "line": 356, "column": 54 },
            "end": { "line": 356, "column": 63 }
          },
          {
            "start": { "line": 356, "column": 66 },
            "end": { "line": 356, "column": 75 }
          }
        ],
        "line": 356
      },
      "32": {
        "loc": {
          "start": { "line": 363, "column": 17 },
          "end": { "line": 363, "column": 74 }
        },
        "type": "cond-expr",
        "locations": [
          {
            "start": { "line": 363, "column": 48 },
            "end": { "line": 363, "column": 59 }
          },
          {
            "start": { "line": 363, "column": 62 },
            "end": { "line": 363, "column": 74 }
          }
        ],
        "line": 363
      },
      "33": {
        "loc": {
          "start": { "line": 373, "column": 18 },
          "end": { "line": 374, "column": 50 }
        },
        "type": "binary-expr",
        "locations": [
          {
            "start": { "line": 373, "column": 18 },
            "end": { "line": 373, "column": 46 }
          },
          {
            "start": { "line": 374, "column": 18 },
            "end": { "line": 374, "column": 50 }
          }
        ],
        "line": 373
      },
      "34": {
        "loc": {
          "start": { "line": 381, "column": 17 },
          "end": { "line": 381, "column": 65 }
        },
        "type": "binary-expr",
        "locations": [
          {
            "start": { "line": 381, "column": 17 },
            "end": { "line": 381, "column": 44 }
          },
          {
            "start": { "line": 381, "column": 48 },
            "end": { "line": 381, "column": 65 }
          }
        ],
        "line": 381
      },
      "35": {
        "loc": {
          "start": { "line": 392, "column": 13 },
          "end": { "line": 392, "column": 66 }
        },
        "type": "binary-expr",
        "locations": [
          {
            "start": { "line": 392, "column": 13 },
            "end": { "line": 392, "column": 32 }
          },
          {
            "start": { "line": 392, "column": 36 },
            "end": { "line": 392, "column": 66 }
          }
        ],
        "line": 392
      },
      "36": {
        "loc": {
          "start": { "line": 397, "column": 9 },
          "end": { "line": 407, "column": 9 }
        },
        "type": "binary-expr",
        "locations": [
          {
            "start": { "line": 397, "column": 9 },
            "end": { "line": 397, "column": 29 }
          },
          {
            "start": { "line": 398, "column": 10 },
            "end": { "line": 406, "column": 17 }
          }
        ],
        "line": 397
      },
      "37": {
        "loc": {
          "start": { "line": 414, "column": 15 },
          "end": { "line": 414, "column": 74 }
        },
        "type": "binary-expr",
        "locations": [
          {
            "start": { "line": 414, "column": 15 },
            "end": { "line": 414, "column": 41 }
          },
          {
            "start": { "line": 414, "column": 45 },
            "end": { "line": 414, "column": 74 }
          }
        ],
        "line": 414
      },
      "38": {
        "loc": {
          "start": { "line": 425, "column": 11 },
          "end": { "line": 436, "column": 11 }
        },
        "type": "cond-expr",
        "locations": [
          {
            "start": { "line": 426, "column": 12 },
            "end": { "line": 428, "column": 14 }
          },
          {
            "start": { "line": 430, "column": 12 },
            "end": { "line": 435, "column": 19 }
          }
        ],
        "line": 425
      },
      "39": {
        "loc": {
          "start": { "line": 425, "column": 11 },
          "end": { "line": 425, "column": 56 }
        },
        "type": "binary-expr",
        "locations": [
          {
            "start": { "line": 425, "column": 11 },
            "end": { "line": 425, "column": 26 }
          },
          {
            "start": { "line": 425, "column": 30 },
            "end": { "line": 425, "column": 56 }
          }
        ],
        "line": 425
      },
      "40": {
        "loc": {
          "start": { "line": 445, "column": 13 },
          "end": { "line": 447, "column": 28 }
        },
        "type": "cond-expr",
        "locations": [
          {
            "start": { "line": 446, "column": 16 },
            "end": { "line": 446, "column": 66 }
          },
          {
            "start": { "line": 447, "column": 16 },
            "end": { "line": 447, "column": 28 }
          }
        ],
        "line": 445
      },
      "41": {
        "loc": {
          "start": { "line": 453, "column": 12 },
          "end": { "line": 453, "column": 56 }
        },
        "type": "binary-expr",
        "locations": [
          {
            "start": { "line": 453, "column": 12 },
            "end": { "line": 453, "column": 25 }
          },
          {
            "start": { "line": 453, "column": 29 },
            "end": { "line": 453, "column": 56 }
          }
        ],
        "line": 453
      },
      "42": {
        "loc": {
          "start": { "line": 458, "column": 11 },
          "end": { "line": 462, "column": 11 }
        },
        "type": "cond-expr",
        "locations": [
          {
            "start": { "line": 459, "column": 12 },
            "end": { "line": 459, "column": 75 }
          },
          {
            "start": { "line": 461, "column": 12 },
            "end": { "line": 461, "column": 77 }
          }
        ],
        "line": 458
      },
      "43": {
        "loc": {
          "start": { "line": 464, "column": 13 },
          "end": { "line": 464, "column": 61 }
        },
        "type": "cond-expr",
        "locations": [
          {
            "start": { "line": 464, "column": 29 },
            "end": { "line": 464, "column": 41 }
          },
          {
            "start": { "line": 464, "column": 44 },
            "end": { "line": 464, "column": 61 }
          }
        ],
        "line": 464
      }
    },
    "s": {
      "0": 0,
      "1": 0,
      "2": 0,
      "3": 0,
      "4": 0,
      "5": 0,
      "6": 0,
      "7": 0,
      "8": 0,
      "9": 0,
      "10": 0,
      "11": 0,
      "12": 0,
      "13": 0,
      "14": 0,
      "15": 0,
      "16": 0,
      "17": 0,
      "18": 0,
      "19": 0,
      "20": 0,
      "21": 0,
      "22": 0,
      "23": 0,
      "24": 0,
      "25": 0,
      "26": 0,
      "27": 0,
      "28": 0,
      "29": 0,
      "30": 0,
      "31": 0,
      "32": 0,
      "33": 0,
      "34": 0,
      "35": 0,
      "36": 0,
      "37": 0,
      "38": 0,
      "39": 0,
      "40": 0,
      "41": 0,
      "42": 0,
      "43": 0,
      "44": 0,
      "45": 0,
      "46": 0,
      "47": 0,
      "48": 0,
      "49": 0,
      "50": 0,
      "51": 0,
      "52": 0,
      "53": 0,
      "54": 0,
      "55": 0,
      "56": 0,
      "57": 0,
      "58": 0,
      "59": 0,
      "60": 0,
      "61": 0,
      "62": 0,
      "63": 0,
      "64": 0,
      "65": 0,
      "66": 0,
      "67": 0,
      "68": 0,
      "69": 0,
      "70": 0,
      "71": 0,
      "72": 0,
      "73": 0,
      "74": 0,
      "75": 0,
      "76": 0,
      "77": 0,
      "78": 0,
      "79": 0,
      "80": 0,
      "81": 0,
      "82": 0,
      "83": 0,
      "84": 0,
      "85": 0,
      "86": 0,
      "87": 0,
      "88": 0,
      "89": 0,
      "90": 0,
      "91": 0,
      "92": 0,
      "93": 0,
      "94": 0,
      "95": 0,
      "96": 0,
      "97": 0,
      "98": 0,
      "99": 0
    },
    "f": {
      "0": 0,
      "1": 0,
      "2": 0,
      "3": 0,
      "4": 0,
      "5": 0,
      "6": 0,
      "7": 0,
      "8": 0,
      "9": 0,
      "10": 0,
      "11": 0,
      "12": 0,
      "13": 0,
      "14": 0,
      "15": 0,
      "16": 0,
      "17": 0
    },
    "b": {
      "0": [0, 0],
      "1": [0, 0],
      "2": [0, 0],
      "3": [0, 0],
      "4": [0, 0],
      "5": [0, 0],
      "6": [0, 0],
      "7": [0, 0],
      "8": [0, 0],
      "9": [0, 0],
      "10": [0, 0],
      "11": [0, 0],
      "12": [0, 0],
      "13": [0, 0],
      "14": [0, 0],
      "15": [0, 0],
      "16": [0, 0],
      "17": [0, 0],
      "18": [0, 0],
      "19": [0, 0],
      "20": [0, 0],
      "21": [0, 0],
      "22": [0, 0],
      "23": [0, 0],
      "24": [0, 0],
      "25": [0, 0],
      "26": [0, 0],
      "27": [0, 0],
      "28": [0, 0],
      "29": [0, 0],
      "30": [0, 0],
      "31": [0, 0],
      "32": [0, 0],
      "33": [0, 0],
      "34": [0, 0],
      "35": [0, 0],
      "36": [0, 0],
      "37": [0, 0],
      "38": [0, 0],
      "39": [0, 0],
      "40": [0, 0],
      "41": [0, 0],
      "42": [0, 0],
      "43": [0, 0]
    }
  },
  "/home/natan/workspace/comunityWork/src/screens/serviceDetail/style.ts": {
    "path": "/home/natan/workspace/comunityWork/src/screens/serviceDetail/style.ts",
    "statementMap": {
      "0": {
        "start": { "line": 3, "column": 18 },
        "end": { "line": 3, "column": 42 }
      },
      "1": {
        "start": { "line": 5, "column": 22 },
        "end": { "line": 291, "column": 2 }
      }
    },
    "fnMap": {},
    "branchMap": {},
    "s": { "0": 0, "1": 0 },
    "f": {},
    "b": {}
  },
  "/home/natan/workspace/comunityWork/src/screens/welcome/index.tsx": {
    "path": "/home/natan/workspace/comunityWork/src/screens/welcome/index.tsx",
    "statementMap": {
      "0": {
        "start": { "line": 24, "column": 32 },
        "end": { "line": 74, "column": 1 }
      },
      "1": {
        "start": { "line": 25, "column": 21 },
        "end": { "line": 25, "column": 65 }
      },
      "2": {
        "start": { "line": 32, "column": 26 },
        "end": { "line": 34, "column": 3 }
      },
      "3": {
        "start": { "line": 33, "column": 4 },
        "end": { "line": 33, "column": 33 }
      },
      "4": {
        "start": { "line": 39, "column": 29 },
        "end": { "line": 41, "column": 3 }
      },
      "5": {
        "start": { "line": 40, "column": 4 },
        "end": { "line": 40, "column": 36 }
      },
      "6": {
        "start": { "line": 43, "column": 2 },
        "end": { "line": 73, "column": 4 }
      }
    },
    "fnMap": {
      "0": {
        "name": "(anonymous_0)",
        "decl": {
          "start": { "line": 24, "column": 32 },
          "end": { "line": 24, "column": 33 }
        },
        "loc": {
          "start": { "line": 24, "column": 38 },
          "end": { "line": 74, "column": 1 }
        },
        "line": 24
      },
      "1": {
        "name": "(anonymous_1)",
        "decl": {
          "start": { "line": 32, "column": 26 },
          "end": { "line": 32, "column": 27 }
        },
        "loc": {
          "start": { "line": 32, "column": 32 },
          "end": { "line": 34, "column": 3 }
        },
        "line": 32
      },
      "2": {
        "name": "(anonymous_2)",
        "decl": {
          "start": { "line": 39, "column": 29 },
          "end": { "line": 39, "column": 30 }
        },
        "loc": {
          "start": { "line": 39, "column": 35 },
          "end": { "line": 41, "column": 3 }
        },
        "line": 39
      }
    },
    "branchMap": {},
    "s": { "0": 0, "1": 0, "2": 0, "3": 0, "4": 0, "5": 0, "6": 0 },
    "f": { "0": 0, "1": 0, "2": 0 },
    "b": {}
  },
  "/home/natan/workspace/comunityWork/src/screens/welcome/style.ts": {
    "path": "/home/natan/workspace/comunityWork/src/screens/welcome/style.ts",
    "statementMap": {
      "0": {
        "start": { "line": 3, "column": 22 },
        "end": { "line": 68, "column": 2 }
      }
    },
    "fnMap": {},
    "branchMap": {},
    "s": { "0": 0 },
    "f": {},
    "b": {}
  },
  "/home/natan/workspace/comunityWork/src/services/supabase.ts": {
    "path": "/home/natan/workspace/comunityWork/src/services/supabase.ts",
    "statementMap": {
      "0": {
        "start": { "line": 5, "column": 20 },
        "end": { "line": 5, "column": 56 }
      },
      "1": {
        "start": { "line": 6, "column": 24 },
        "end": { "line": 6, "column": 65 }
      },
      "2": {
        "start": { "line": 8, "column": 0 },
        "end": { "line": 12, "column": 1 }
      },
      "3": {
        "start": { "line": 9, "column": 2 },
        "end": { "line": 11, "column": 4 }
      },
      "4": {
        "start": { "line": 14, "column": 24 },
        "end": { "line": 21, "column": 2 }
      }
    },
    "fnMap": {},
    "branchMap": {
      "0": {
        "loc": {
          "start": { "line": 8, "column": 0 },
          "end": { "line": 12, "column": 1 }
        },
        "type": "if",
        "locations": [
          {
            "start": { "line": 8, "column": 0 },
            "end": { "line": 12, "column": 1 }
          },
          { "start": {}, "end": {} }
        ],
        "line": 8
      },
      "1": {
        "loc": {
          "start": { "line": 8, "column": 4 },
          "end": { "line": 8, "column": 36 }
        },
        "type": "binary-expr",
        "locations": [
          {
            "start": { "line": 8, "column": 4 },
            "end": { "line": 8, "column": 16 }
          },
          {
            "start": { "line": 8, "column": 20 },
            "end": { "line": 8, "column": 36 }
          }
        ],
        "line": 8
      }
    },
    "s": { "0": 0, "1": 0, "2": 0, "3": 0, "4": 0 },
    "f": {},
    "b": { "0": [0, 0], "1": [0, 0] }
  }
}
